2012-06-30 03:10:54 Debug: Notice (1024): Please change the value of 'Security.salt' in app/config/core.php to a salt value specific to your application in [C:\wamp\www\cakephp\cake\libs\debugger.php, line 694]
2012-06-30 03:10:54 Debug: Notice (1024): Please change the value of 'Security.salt' in app/config/core.php to a salt value specific to your application in [C:\wamp\www\cakephp\cake\libs\debugger.php, line 694]
2012-06-30 03:10:54 Debug: Notice (1024): Please change the value of 'Security.cipherSeed' in app/config/core.php to a numeric (digits only) seed value specific to your application in [C:\wamp\www\cakephp\cake\libs\debugger.php, line 698]
2012-06-30 03:10:54 Debug: Notice (1024): Please change the value of 'Security.cipherSeed' in app/config/core.php to a numeric (digits only) seed value specific to your application in [C:\wamp\www\cakephp\cake\libs\debugger.php, line 698]
2012-07-02 06:05:26 Debug: Notice (1024): Please change the value of 'Security.salt' in app/config/core.php to a salt value specific to your application in [C:\wamp\www\proj01\cake\libs\debugger.php, line 694]
2012-07-02 06:05:26 Debug: Notice (1024): Please change the value of 'Security.cipherSeed' in app/config/core.php to a numeric (digits only) seed value specific to your application in [C:\wamp\www\proj01\cake\libs\debugger.php, line 698]
2012-07-02 06:06:17 Debug: Notice (1024): Please change the value of 'Security.salt' in app/config/core.php to a salt value specific to your application in [C:\wamp\www\proj01\cake\libs\debugger.php, line 694]
2012-07-02 06:06:17 Debug: Notice (1024): Please change the value of 'Security.cipherSeed' in app/config/core.php to a numeric (digits only) seed value specific to your application in [C:\wamp\www\proj01\cake\libs\debugger.php, line 698]
2012-07-02 13:59:47 Debug: Notice (8): Undefined property: View::$Common in [C:\wamp\www\proj01\app\views\layouts\template.ctp, line 7]
2012-07-02 15:17:58 Debug: Notice (8): Undefined property: View::$Common in [C:\wamp\www\proj01\app\views\layouts\template.ctp, line 7]
2012-07-02 16:30:37 Debug: Notice (8): Undefined variable: id in [D:\wamp\www\proj01\app\controllers\templates_controller.php, line 13]
2012-07-02 16:30:37 Debug: Notice (8): Undefined variable: id in [D:\wamp\www\proj01\app\controllers\templates_controller.php, line 18]
2012-07-02 16:30:37 Debug: Notice (8): Undefined variable: id in [D:\wamp\www\proj01\app\controllers\templates_controller.php, line 23]
2012-07-02 16:30:39 Debug: Notice (8): Undefined variable: id in [D:\wamp\www\proj01\app\controllers\templates_controller.php, line 13]
2012-07-02 16:30:39 Debug: Notice (8): Undefined variable: id in [D:\wamp\www\proj01\app\controllers\templates_controller.php, line 18]
2012-07-02 16:30:39 Debug: Notice (8): Undefined variable: id in [D:\wamp\www\proj01\app\controllers\templates_controller.php, line 23]
2012-07-02 16:30:42 Debug: Notice (8): Undefined variable: id in [D:\wamp\www\proj01\app\controllers\templates_controller.php, line 13]
2012-07-02 16:30:42 Debug: Notice (8): Undefined variable: id in [D:\wamp\www\proj01\app\controllers\templates_controller.php, line 18]
2012-07-02 16:30:42 Debug: Notice (8): Undefined variable: id in [D:\wamp\www\proj01\app\controllers\templates_controller.php, line 23]
2012-07-02 16:30:54 Debug: Notice (8): Undefined variable: id in [D:\wamp\www\proj01\app\controllers\templates_controller.php, line 13]
2012-07-02 16:30:54 Debug: Notice (8): Undefined variable: id in [D:\wamp\www\proj01\app\controllers\templates_controller.php, line 18]
2012-07-02 16:30:54 Debug: Notice (8): Undefined variable: id in [D:\wamp\www\proj01\app\controllers\templates_controller.php, line 23]
2012-07-02 16:30:56 Debug: Notice (8): Undefined variable: id in [D:\wamp\www\proj01\app\controllers\templates_controller.php, line 13]
2012-07-02 16:30:56 Debug: Notice (8): Undefined variable: id in [D:\wamp\www\proj01\app\controllers\templates_controller.php, line 18]
2012-07-02 16:30:56 Debug: Notice (8): Undefined variable: id in [D:\wamp\www\proj01\app\controllers\templates_controller.php, line 23]
2012-07-02 17:07:01 Debug: Notice (8): Undefined property: TemplatesController::$User in [D:\wamp\www\proj01\app\controllers\templates_controller.php, line 19]
2012-07-02 17:12:12 Debug: Notice (8): Undefined property: TemplatesController::$User in [D:\wamp\www\proj01\app\controllers\templates_controller.php, line 22]
2012-07-02 17:12:12 Debug: Notice (8): Trying to get property of non-object in [D:\wamp\www\proj01\app\controllers\templates_controller.php, line 22]
2012-07-02 17:12:44 Debug: Notice (8): Undefined property: TemplatesController::$User in [D:\wamp\www\proj01\app\controllers\templates_controller.php, line 22]
2012-07-02 17:12:44 Debug: Notice (8): Trying to get property of non-object in [D:\wamp\www\proj01\app\controllers\templates_controller.php, line 22]
2012-07-02 17:13:38 Debug: Notice (8): Undefined property: TemplatesController::$Users in [D:\wamp\www\proj01\app\controllers\templates_controller.php, line 22]
2012-07-02 17:13:38 Debug: Notice (8): Trying to get property of non-object in [D:\wamp\www\proj01\app\controllers\templates_controller.php, line 22]
2012-07-02 17:13:39 Debug: Notice (8): Undefined property: TemplatesController::$Users in [D:\wamp\www\proj01\app\controllers\templates_controller.php, line 22]
2012-07-02 17:13:39 Debug: Notice (8): Trying to get property of non-object in [D:\wamp\www\proj01\app\controllers\templates_controller.php, line 22]
2012-07-02 17:13:39 Debug: Notice (8): Undefined property: TemplatesController::$Users in [D:\wamp\www\proj01\app\controllers\templates_controller.php, line 22]
2012-07-02 17:13:39 Debug: Notice (8): Trying to get property of non-object in [D:\wamp\www\proj01\app\controllers\templates_controller.php, line 22]
2012-07-02 17:13:40 Debug: Notice (8): Undefined property: TemplatesController::$Users in [D:\wamp\www\proj01\app\controllers\templates_controller.php, line 22]
2012-07-02 17:13:40 Debug: Notice (8): Trying to get property of non-object in [D:\wamp\www\proj01\app\controllers\templates_controller.php, line 22]
2012-07-02 17:13:40 Debug: Notice (8): Undefined property: TemplatesController::$Users in [D:\wamp\www\proj01\app\controllers\templates_controller.php, line 22]
2012-07-02 17:13:40 Debug: Notice (8): Trying to get property of non-object in [D:\wamp\www\proj01\app\controllers\templates_controller.php, line 22]
2012-07-02 17:15:37 Debug: Notice (8): Undefined property: TemplatesController::$User in [D:\wamp\www\proj01\app\controllers\templates_controller.php, line 21]
2012-07-02 17:17:09 Debug: Notice (8): Undefined property: TemplatesController::$User in [D:\wamp\www\proj01\app\controllers\templates_controller.php, line 21]
2012-07-02 17:18:51 Debug: Notice (8): Undefined property: TemplatesController::$User in [D:\wamp\www\proj01\app\controllers\templates_controller.php, line 21]
2012-07-02 17:18:51 Debug: Notice (8): Trying to get property of non-object in [D:\wamp\www\proj01\app\controllers\templates_controller.php, line 21]
2012-07-02 17:18:53 Debug: Notice (8): Undefined property: TemplatesController::$User in [D:\wamp\www\proj01\app\controllers\templates_controller.php, line 21]
2012-07-02 17:18:53 Debug: Notice (8): Trying to get property of non-object in [D:\wamp\www\proj01\app\controllers\templates_controller.php, line 21]
2012-07-02 17:39:58 Debug: Notice (8): Undefined property: TemplatesController::$User in [D:\wamp\www\proj01\app\controllers\templates_controller.php, line 21]
2012-07-02 17:39:59 Debug: Notice (8): Undefined property: TemplatesController::$User in [D:\wamp\www\proj01\app\controllers\templates_controller.php, line 21]
2012-07-02 17:41:57 Debug: Notice (8): Undefined property: TemplatesController::$User in [D:\wamp\www\proj01\app\controllers\templates_controller.php, line 21]
2012-07-02 17:43:16 Debug: Notice (8): Undefined property: TemplatesController::$User in [D:\wamp\www\proj01\app\controllers\templates_controller.php, line 21]
2012-07-02 17:49:53 Debug: Notice (8): Undefined property: TemplatesController::$User in [D:\wamp\www\proj01\app\controllers\templates_controller.php, line 22]
2012-07-02 17:50:36 Debug: Notice (8): Undefined property: TemplatesController::$User in [D:\wamp\www\proj01\app\controllers\templates_controller.php, line 22]
2012-07-02 17:55:42 Debug: Notice (8): Undefined property: User::$admin_index in [D:\wamp\www\proj01\app\controllers\templates_controller.php, line 22]
2012-07-02 17:55:43 Debug: Notice (8): Undefined property: User::$admin_index in [D:\wamp\www\proj01\app\controllers\templates_controller.php, line 22]
2012-07-02 17:55:44 Debug: Notice (8): Undefined property: User::$admin_index in [D:\wamp\www\proj01\app\controllers\templates_controller.php, line 22]
2012-07-02 17:58:12 Debug: Notice (8): Undefined property: TemplatesController::$User in [D:\wamp\www\proj01\app\controllers\templates_controller.php, line 22]
2012-07-02 17:58:13 Debug: Notice (8): Undefined property: TemplatesController::$User in [D:\wamp\www\proj01\app\controllers\templates_controller.php, line 22]
2012-07-02 17:59:38 Debug: Notice (8): Undefined property: TemplatesController::$User in [D:\wamp\www\proj01\app\controllers\templates_controller.php, line 22]
2012-07-02 17:59:39 Debug: Notice (8): Undefined property: TemplatesController::$User in [D:\wamp\www\proj01\app\controllers\templates_controller.php, line 22]
2012-07-02 17:59:39 Debug: Notice (8): Undefined property: TemplatesController::$User in [D:\wamp\www\proj01\app\controllers\templates_controller.php, line 22]
2012-07-02 17:59:39 Debug: Notice (8): Undefined property: TemplatesController::$User in [D:\wamp\www\proj01\app\controllers\templates_controller.php, line 22]
2012-07-02 17:59:40 Debug: Notice (8): Undefined property: TemplatesController::$User in [D:\wamp\www\proj01\app\controllers\templates_controller.php, line 22]
2012-07-02 17:59:40 Debug: Notice (8): Undefined property: TemplatesController::$User in [D:\wamp\www\proj01\app\controllers\templates_controller.php, line 22]
2012-07-02 17:59:40 Debug: Notice (8): Undefined property: TemplatesController::$User in [D:\wamp\www\proj01\app\controllers\templates_controller.php, line 22]
2012-07-02 17:59:41 Debug: Notice (8): Undefined property: TemplatesController::$User in [D:\wamp\www\proj01\app\controllers\templates_controller.php, line 22]
2012-07-02 18:00:05 Debug: Notice (8): Undefined property: TemplatesController::$User in [D:\wamp\www\proj01\app\controllers\templates_controller.php, line 22]
2012-07-02 18:00:06 Debug: Notice (8): Undefined property: TemplatesController::$User in [D:\wamp\www\proj01\app\controllers\templates_controller.php, line 22]
2012-07-02 18:00:07 Debug: Notice (8): Undefined property: TemplatesController::$User in [D:\wamp\www\proj01\app\controllers\templates_controller.php, line 22]
2012-07-02 18:00:07 Debug: Notice (8): Undefined property: TemplatesController::$User in [D:\wamp\www\proj01\app\controllers\templates_controller.php, line 22]
2012-07-02 18:00:07 Debug: Notice (8): Undefined property: TemplatesController::$User in [D:\wamp\www\proj01\app\controllers\templates_controller.php, line 22]
2012-07-02 18:00:08 Debug: Notice (8): Undefined property: TemplatesController::$User in [D:\wamp\www\proj01\app\controllers\templates_controller.php, line 22]
2012-07-02 18:01:16 Debug: Notice (8): Undefined property: TemplatesController::$User in [D:\wamp\www\proj01\app\controllers\templates_controller.php, line 19]
2012-07-02 18:01:17 Debug: Notice (8): Undefined property: TemplatesController::$User in [D:\wamp\www\proj01\app\controllers\templates_controller.php, line 19]
2012-07-02 18:01:18 Debug: Notice (8): Undefined property: TemplatesController::$User in [D:\wamp\www\proj01\app\controllers\templates_controller.php, line 19]
2012-07-02 18:02:11 Debug: Notice (8): Undefined property: TemplatesController::$User in [D:\wamp\www\proj01\app\controllers\templates_controller.php, line 19]
2012-07-02 18:02:11 Debug: Notice (8): Undefined property: TemplatesController::$User in [D:\wamp\www\proj01\app\controllers\templates_controller.php, line 19]
2012-07-02 18:02:12 Debug: Notice (8): Undefined property: TemplatesController::$User in [D:\wamp\www\proj01\app\controllers\templates_controller.php, line 19]
2012-07-02 18:02:12 Debug: Notice (8): Undefined property: TemplatesController::$User in [D:\wamp\www\proj01\app\controllers\templates_controller.php, line 19]
2012-07-02 18:02:12 Debug: Notice (8): Undefined property: TemplatesController::$User in [D:\wamp\www\proj01\app\controllers\templates_controller.php, line 19]
2012-07-02 18:02:12 Debug: Notice (8): Undefined property: TemplatesController::$User in [D:\wamp\www\proj01\app\controllers\templates_controller.php, line 19]
2012-07-02 18:05:27 Debug: Notice (8): Undefined property: TemplatesController::$User in [D:\wamp\www\proj01\app\controllers\templates_controller.php, line 19]
2012-07-03 01:08:27 Debug: Notice (8): Undefined property: TemplatesController::$User in [D:\wamp\www\proj01\app\controllers\templates_controller.php, line 18]
2012-07-03 01:08:49 Debug: Notice (8): Undefined property: TemplatesController::$User in [D:\wamp\www\proj01\app\controllers\templates_controller.php, line 18]
2012-07-03 01:08:50 Debug: Notice (8): Undefined property: TemplatesController::$User in [D:\wamp\www\proj01\app\controllers\templates_controller.php, line 18]
2012-07-03 01:10:12 Debug: Notice (8): Undefined property: TemplatesController::$User in [D:\wamp\www\proj01\app\controllers\templates_controller.php, line 18]
2012-07-03 03:36:20 Debug: Notice (8): Undefined variable: username in [D:\wamp\www\proj01\app\views\users\admin__detail.ctp, line 11]
2012-07-03 07:46:08 Debug: Notice (8): Undefined variable: item in [D:\wamp\www\proj01\app\views\users\admin__detail.ctp, line 11]
2012-07-03 07:49:19 Debug: Notice (8): Undefined variable: item in [D:\wamp\www\proj01\app\views\users\admin__detail.ctp, line 9]
2012-07-03 07:50:18 Debug: Notice (8): Undefined index: User in [D:\wamp\www\proj01\app\views\users\admin__detail.ctp, line 11]
2012-07-03 07:50:19 Debug: Notice (8): Undefined index: User in [D:\wamp\www\proj01\app\views\users\admin__detail.ctp, line 11]
2012-07-03 07:52:12 Debug: Notice (8): Undefined index: User in [D:\wamp\www\proj01\app\views\users\admin__detail.ctp, line 12]
2012-07-03 07:55:49 Debug: Notice (8): Undefined index: User in [D:\wamp\www\proj01\app\views\users\admin__detail.ctp, line 15]
2012-07-03 07:55:49 Debug: Notice (8): Undefined index: User in [D:\wamp\www\proj01\app\views\users\admin__detail.ctp, line 16]
2012-07-03 07:55:53 Debug: Notice (8): Undefined index: User in [D:\wamp\www\proj01\app\views\users\admin__detail.ctp, line 15]
2012-07-03 07:55:53 Debug: Notice (8): Undefined index: User in [D:\wamp\www\proj01\app\views\users\admin__detail.ctp, line 16]
2012-07-03 08:03:00 Debug: Notice (8): Undefined index: User in [D:\wamp\www\proj01\app\views\users\admin__detail.ctp, line 15]
2012-07-03 08:03:00 Debug: Notice (8): Undefined index: User in [D:\wamp\www\proj01\app\views\users\admin__detail.ctp, line 16]
2012-07-03 08:03:41 Debug: Notice (8): Undefined index: User in [D:\wamp\www\proj01\app\views\users\admin__detail.ctp, line 15]
2012-07-03 08:03:41 Debug: Notice (8): Undefined index: User in [D:\wamp\www\proj01\app\views\users\admin__detail.ctp, line 16]
2012-07-03 08:03:43 Debug: Notice (8): Undefined index: User in [D:\wamp\www\proj01\app\views\users\admin__detail.ctp, line 15]
2012-07-03 08:03:43 Debug: Notice (8): Undefined index: User in [D:\wamp\www\proj01\app\views\users\admin__detail.ctp, line 16]
2012-07-03 08:13:18 Debug: Notice (8): Undefined index: User in [D:\wamp\www\proj01\app\views\users\admin__detail.ctp, line 15]
2012-07-03 08:13:18 Debug: Notice (8): Undefined index: User in [D:\wamp\www\proj01\app\views\users\admin__detail.ctp, line 16]
2012-07-03 08:13:52 Debug: Notice (8): Undefined index: User in [D:\wamp\www\proj01\app\views\users\admin__detail.ctp, line 15]
2012-07-03 08:13:52 Debug: Notice (8): Undefined index: User in [D:\wamp\www\proj01\app\views\users\admin__detail.ctp, line 16]
2012-07-03 08:13:52 Debug: Notice (8): Undefined index: User in [D:\wamp\www\proj01\app\views\users\admin__detail.ctp, line 17]
2012-07-03 08:13:54 Debug: Notice (8): Undefined index: User in [D:\wamp\www\proj01\app\views\users\admin__detail.ctp, line 15]
2012-07-03 08:13:54 Debug: Notice (8): Undefined index: User in [D:\wamp\www\proj01\app\views\users\admin__detail.ctp, line 16]
2012-07-03 08:13:54 Debug: Notice (8): Undefined index: User in [D:\wamp\www\proj01\app\views\users\admin__detail.ctp, line 17]
2012-07-03 08:14:18 Debug: Notice (8): Undefined index: User in [D:\wamp\www\proj01\app\views\users\admin__detail.ctp, line 15]
2012-07-03 08:14:18 Debug: Notice (8): Undefined index: User in [D:\wamp\www\proj01\app\views\users\admin__detail.ctp, line 16]
2012-07-03 08:14:19 Debug: Notice (8): Undefined index: User in [D:\wamp\www\proj01\app\views\users\admin__detail.ctp, line 15]
2012-07-03 08:14:19 Debug: Notice (8): Undefined index: User in [D:\wamp\www\proj01\app\views\users\admin__detail.ctp, line 16]
2012-07-03 08:17:03 Debug: Notice (8): Undefined index: User in [D:\wamp\www\proj01\app\views\users\admin__detail.ctp, line 15]
2012-07-03 08:17:03 Debug: Notice (8): Undefined index: User in [D:\wamp\www\proj01\app\views\users\admin__detail.ctp, line 16]
2012-07-03 08:17:05 Debug: Notice (8): Undefined index: User in [D:\wamp\www\proj01\app\views\users\admin__detail.ctp, line 15]
2012-07-03 08:17:05 Debug: Notice (8): Undefined index: User in [D:\wamp\www\proj01\app\views\users\admin__detail.ctp, line 16]
2012-07-03 08:17:06 Debug: Notice (8): Undefined index: User in [D:\wamp\www\proj01\app\views\users\admin__detail.ctp, line 15]
2012-07-03 08:17:06 Debug: Notice (8): Undefined index: User in [D:\wamp\www\proj01\app\views\users\admin__detail.ctp, line 16]
2012-07-03 08:18:33 Debug: Notice (8): Undefined index: User in [D:\wamp\www\proj01\app\views\users\admin__detail.ctp, line 16]
2012-07-03 08:18:33 Debug: Notice (8): Undefined index: User in [D:\wamp\www\proj01\app\views\users\admin__detail.ctp, line 17]
2012-07-03 08:20:42 Debug: Notice (8): Undefined index: Users in [D:\wamp\www\proj01\app\views\users\admin__detail.ctp, line 16]
2012-07-03 08:20:42 Debug: Notice (8): Undefined index: Users in [D:\wamp\www\proj01\app\views\users\admin__detail.ctp, line 17]
2012-07-03 08:20:43 Debug: Notice (8): Undefined index: Users in [D:\wamp\www\proj01\app\views\users\admin__detail.ctp, line 16]
2012-07-03 08:20:43 Debug: Notice (8): Undefined index: Users in [D:\wamp\www\proj01\app\views\users\admin__detail.ctp, line 17]
2012-07-03 08:20:44 Debug: Notice (8): Undefined index: Users in [D:\wamp\www\proj01\app\views\users\admin__detail.ctp, line 16]
2012-07-03 08:20:44 Debug: Notice (8): Undefined index: Users in [D:\wamp\www\proj01\app\views\users\admin__detail.ctp, line 17]
2012-07-03 08:22:38 Debug: Notice (8): Undefined index: id in [D:\wamp\www\proj01\app\views\users\admin__detail.ctp, line 16]
2012-07-03 08:22:38 Debug: Notice (8): Undefined index: User in [D:\wamp\www\proj01\app\views\users\admin__detail.ctp, line 17]
2012-07-03 08:22:40 Debug: Notice (8): Undefined index: id in [D:\wamp\www\proj01\app\views\users\admin__detail.ctp, line 16]
2012-07-03 08:22:40 Debug: Notice (8): Undefined index: User in [D:\wamp\www\proj01\app\views\users\admin__detail.ctp, line 17]
2012-07-03 08:22:40 Debug: Notice (8): Undefined index: id in [D:\wamp\www\proj01\app\views\users\admin__detail.ctp, line 16]
2012-07-03 08:22:40 Debug: Notice (8): Undefined index: User in [D:\wamp\www\proj01\app\views\users\admin__detail.ctp, line 17]
2012-07-03 08:22:41 Debug: Notice (8): Undefined index: id in [D:\wamp\www\proj01\app\views\users\admin__detail.ctp, line 16]
2012-07-03 08:22:41 Debug: Notice (8): Undefined index: User in [D:\wamp\www\proj01\app\views\users\admin__detail.ctp, line 17]
2012-07-03 08:23:25 Debug: Notice (8): Undefined index: id in [D:\wamp\www\proj01\app\views\users\admin__detail.ctp, line 16]
2012-07-03 08:23:25 Debug: Notice (8): Undefined index: User in [D:\wamp\www\proj01\app\views\users\admin__detail.ctp, line 17]
2012-07-03 08:24:42 Debug: Notice (8): Undefined index: id in [D:\wamp\www\proj01\app\views\users\admin__detail.ctp, line 16]
2012-07-03 08:24:42 Debug: Notice (8): Undefined index: username in [D:\wamp\www\proj01\app\views\users\admin__detail.ctp, line 17]
2012-07-03 08:27:42 Debug: Notice (8): Undefined index: id in [D:\wamp\www\proj01\app\views\users\admin__detail.ctp, line 16]
2012-07-03 08:27:42 Debug: Notice (8): Undefined index: username in [D:\wamp\www\proj01\app\views\users\admin__detail.ctp, line 17]
2012-07-03 08:27:47 Debug: Notice (8): Undefined index: id in [D:\wamp\www\proj01\app\views\users\admin__detail.ctp, line 16]
2012-07-03 08:27:47 Debug: Notice (8): Undefined index: username in [D:\wamp\www\proj01\app\views\users\admin__detail.ctp, line 17]
2012-07-03 08:28:05 Debug: Notice (8): Undefined index: id in [D:\wamp\www\proj01\app\views\users\admin__detail.ctp, line 16]
2012-07-03 08:28:05 Debug: Notice (8): Undefined index: username in [D:\wamp\www\proj01\app\views\users\admin__detail.ctp, line 17]
2012-07-03 08:28:06 Debug: Notice (8): Undefined index: id in [D:\wamp\www\proj01\app\views\users\admin__detail.ctp, line 16]
2012-07-03 08:28:06 Debug: Notice (8): Undefined index: username in [D:\wamp\www\proj01\app\views\users\admin__detail.ctp, line 17]
2012-07-03 08:28:07 Debug: Notice (8): Undefined index: id in [D:\wamp\www\proj01\app\views\users\admin__detail.ctp, line 16]
2012-07-03 08:28:07 Debug: Notice (8): Undefined index: username in [D:\wamp\www\proj01\app\views\users\admin__detail.ctp, line 17]
2012-07-03 08:28:07 Debug: Notice (8): Undefined index: id in [D:\wamp\www\proj01\app\views\users\admin__detail.ctp, line 16]
2012-07-03 08:28:07 Debug: Notice (8): Undefined index: username in [D:\wamp\www\proj01\app\views\users\admin__detail.ctp, line 17]
2012-07-03 08:28:07 Debug: Notice (8): Undefined index: id in [D:\wamp\www\proj01\app\views\users\admin__detail.ctp, line 16]
2012-07-03 08:28:07 Debug: Notice (8): Undefined index: username in [D:\wamp\www\proj01\app\views\users\admin__detail.ctp, line 17]
2012-07-03 08:28:26 Debug: Notice (8): Undefined index: User in [D:\wamp\www\proj01\app\views\users\admin__detail.ctp, line 16]
2012-07-03 08:28:26 Debug: Notice (8): Undefined index: username in [D:\wamp\www\proj01\app\views\users\admin__detail.ctp, line 17]
2012-07-03 08:28:27 Debug: Notice (8): Undefined index: User in [D:\wamp\www\proj01\app\views\users\admin__detail.ctp, line 16]
2012-07-03 08:28:27 Debug: Notice (8): Undefined index: username in [D:\wamp\www\proj01\app\views\users\admin__detail.ctp, line 17]
2012-07-03 08:28:29 Debug: Notice (8): Undefined index: User in [D:\wamp\www\proj01\app\views\users\admin__detail.ctp, line 16]
2012-07-03 08:28:29 Debug: Notice (8): Undefined index: username in [D:\wamp\www\proj01\app\views\users\admin__detail.ctp, line 17]
2012-07-03 08:28:56 Debug: Notice (8): Undefined index: User in [D:\wamp\www\proj01\app\views\users\admin__detail.ctp, line 16]
2012-07-03 08:28:56 Debug: Notice (8): Undefined index: username in [D:\wamp\www\proj01\app\views\users\admin__detail.ctp, line 17]
2012-07-03 08:37:07 Debug: Notice (8): Undefined index: username in [D:\wamp\www\proj01\app\views\users\admin__detail.ctp, line 18]
2012-07-03 08:37:10 Debug: Notice (8): Undefined index: username in [D:\wamp\www\proj01\app\views\users\admin__detail.ctp, line 18]
2012-07-03 08:56:17 Debug: Notice (8): Undefined index: Email in [D:\wamp\www\proj01\app\views\users\admin__detail.ctp, line 36]
2012-07-03 08:58:00 Debug: Notice (8): Undefined index: Adress in [D:\wamp\www\proj01\app\views\users\admin__detail.ctp, line 44]
2012-07-03 08:58:30 Debug: Notice (8): Undefined index: address in [D:\wamp\www\proj01\app\views\users\admin__detail.ctp, line 44]
2012-07-03 09:35:33 Debug: Notice (8): Undefined property: CatalogsController::$User in [D:\wamp\www\proj01\app\controllers\catalogs_controller.php, line 14]
2012-07-03 09:37:36 Debug: Notice (8): Undefined index: User in [D:\wamp\www\proj01\app\views\catalogs\index.ctp, line 51]
2012-07-03 09:37:36 Debug: Notice (8): Undefined index: User in [D:\wamp\www\proj01\app\views\catalogs\index.ctp, line 52]
2012-07-03 09:37:36 Debug: Notice (8): Undefined index: User in [D:\wamp\www\proj01\app\views\catalogs\index.ctp, line 53]
2012-07-03 09:37:36 Debug: Notice (8): Undefined index: User in [D:\wamp\www\proj01\app\views\catalogs\index.ctp, line 54]
2012-07-03 09:37:36 Debug: Notice (8): Undefined index: User in [D:\wamp\www\proj01\app\views\catalogs\index.ctp, line 55]
2012-07-03 09:37:36 Debug: Notice (8): Undefined index: User in [D:\wamp\www\proj01\app\views\catalogs\index.ctp, line 57]
2012-07-03 09:37:36 Debug: Notice (8): Undefined index: User in [D:\wamp\www\proj01\app\views\catalogs\index.ctp, line 63]
2012-07-03 09:37:36 Debug: Notice (8): Undefined index: User in [D:\wamp\www\proj01\app\views\catalogs\index.ctp, line 64]
2012-07-03 09:37:36 Debug: Notice (8): Undefined index: User in [D:\wamp\www\proj01\app\views\catalogs\index.ctp, line 65]
2012-07-03 09:37:36 Debug: Notice (8): Undefined index: User in [D:\wamp\www\proj01\app\views\catalogs\index.ctp, line 82]
2012-07-03 09:37:36 Debug: Notice (8): Undefined index: User in [D:\wamp\www\proj01\app\views\catalogs\index.ctp, line 83]
2012-07-03 09:37:36 Debug: Notice (8): Undefined index: User in [D:\wamp\www\proj01\app\views\catalogs\index.ctp, line 84]
2012-07-03 09:37:36 Debug: Notice (8): Undefined index: User in [D:\wamp\www\proj01\app\views\catalogs\index.ctp, line 85]
2012-07-03 09:37:36 Debug: Notice (8): Undefined index: User in [D:\wamp\www\proj01\app\views\catalogs\index.ctp, line 91]
2012-07-03 09:37:36 Debug: Notice (8): Undefined index: User in [D:\wamp\www\proj01\app\views\catalogs\index.ctp, line 92]
2012-07-03 09:38:40 Debug: Notice (8): Undefined index: Catalogs in [D:\wamp\www\proj01\app\views\catalogs\index.ctp, line 51]
2012-07-03 09:38:40 Debug: Notice (8): Undefined index: User in [D:\wamp\www\proj01\app\views\catalogs\index.ctp, line 52]
2012-07-03 09:38:40 Debug: Notice (8): Undefined index: User in [D:\wamp\www\proj01\app\views\catalogs\index.ctp, line 53]
2012-07-03 09:38:40 Debug: Notice (8): Undefined index: User in [D:\wamp\www\proj01\app\views\catalogs\index.ctp, line 54]
2012-07-03 09:38:40 Debug: Notice (8): Undefined index: User in [D:\wamp\www\proj01\app\views\catalogs\index.ctp, line 55]
2012-07-03 09:38:40 Debug: Notice (8): Undefined index: User in [D:\wamp\www\proj01\app\views\catalogs\index.ctp, line 57]
2012-07-03 09:38:40 Debug: Notice (8): Undefined index: User in [D:\wamp\www\proj01\app\views\catalogs\index.ctp, line 63]
2012-07-03 09:38:40 Debug: Notice (8): Undefined index: User in [D:\wamp\www\proj01\app\views\catalogs\index.ctp, line 64]
2012-07-03 09:38:40 Debug: Notice (8): Undefined index: User in [D:\wamp\www\proj01\app\views\catalogs\index.ctp, line 65]
2012-07-03 09:38:40 Debug: Notice (8): Undefined index: User in [D:\wamp\www\proj01\app\views\catalogs\index.ctp, line 82]
2012-07-03 09:38:40 Debug: Notice (8): Undefined index: User in [D:\wamp\www\proj01\app\views\catalogs\index.ctp, line 83]
2012-07-03 09:38:40 Debug: Notice (8): Undefined index: User in [D:\wamp\www\proj01\app\views\catalogs\index.ctp, line 84]
2012-07-03 09:38:40 Debug: Notice (8): Undefined index: User in [D:\wamp\www\proj01\app\views\catalogs\index.ctp, line 85]
2012-07-03 09:38:40 Debug: Notice (8): Undefined index: User in [D:\wamp\www\proj01\app\views\catalogs\index.ctp, line 91]
2012-07-03 09:38:40 Debug: Notice (8): Undefined index: User in [D:\wamp\www\proj01\app\views\catalogs\index.ctp, line 92]
2012-07-03 09:39:18 Debug: Notice (8): Undefined index: Catalogs in [D:\wamp\www\proj01\app\views\catalogs\index.ctp, line 51]
2012-07-03 09:39:18 Debug: Notice (8): Undefined index: Catalogs in [D:\wamp\www\proj01\app\views\catalogs\index.ctp, line 52]
2012-07-03 09:39:18 Debug: Notice (8): Undefined index: User in [D:\wamp\www\proj01\app\views\catalogs\index.ctp, line 55]
2012-07-03 09:39:18 Debug: Notice (8): Undefined index: User in [D:\wamp\www\proj01\app\views\catalogs\index.ctp, line 61]
2012-07-03 09:39:18 Debug: Notice (8): Undefined index: User in [D:\wamp\www\proj01\app\views\catalogs\index.ctp, line 62]
2012-07-03 09:39:18 Debug: Notice (8): Undefined index: User in [D:\wamp\www\proj01\app\views\catalogs\index.ctp, line 63]
2012-07-03 09:39:18 Debug: Notice (8): Undefined index: User in [D:\wamp\www\proj01\app\views\catalogs\index.ctp, line 80]
2012-07-03 09:39:18 Debug: Notice (8): Undefined index: User in [D:\wamp\www\proj01\app\views\catalogs\index.ctp, line 81]
2012-07-03 09:39:18 Debug: Notice (8): Undefined index: User in [D:\wamp\www\proj01\app\views\catalogs\index.ctp, line 82]
2012-07-03 09:39:18 Debug: Notice (8): Undefined index: User in [D:\wamp\www\proj01\app\views\catalogs\index.ctp, line 83]
2012-07-03 09:39:18 Debug: Notice (8): Undefined index: User in [D:\wamp\www\proj01\app\views\catalogs\index.ctp, line 89]
2012-07-03 09:39:18 Debug: Notice (8): Undefined index: User in [D:\wamp\www\proj01\app\views\catalogs\index.ctp, line 90]
2012-07-03 09:41:53 Debug: Notice (8): Undefined index: Catalogs in [D:\wamp\www\proj01\app\views\catalogs\index.ctp, line 51]
2012-07-03 09:41:53 Debug: Notice (8): Undefined index: Catalogs in [D:\wamp\www\proj01\app\views\catalogs\index.ctp, line 52]
2012-07-03 09:41:53 Debug: Notice (8): Undefined index: Catalogs in [D:\wamp\www\proj01\app\views\catalogs\index.ctp, line 53]
2012-07-03 09:41:53 Debug: Notice (8): Undefined index: Catalogs in [D:\wamp\www\proj01\app\views\catalogs\index.ctp, line 54]
2012-07-03 09:41:53 Debug: Notice (8): Undefined index: Catalogs in [D:\wamp\www\proj01\app\views\catalogs\index.ctp, line 55]
2012-07-03 09:41:53 Debug: Notice (8): Undefined index: Catalogs in [D:\wamp\www\proj01\app\views\catalogs\index.ctp, line 56]
2012-07-03 09:41:53 Debug: Notice (8): Undefined index: Catalogs in [D:\wamp\www\proj01\app\views\catalogs\index.ctp, line 57]
2012-07-03 09:41:53 Debug: Notice (8): Undefined index: User in [D:\wamp\www\proj01\app\views\catalogs\index.ctp, line 60]
2012-07-03 09:41:53 Debug: Notice (8): Undefined index: User in [D:\wamp\www\proj01\app\views\catalogs\index.ctp, line 66]
2012-07-03 09:41:53 Debug: Notice (8): Undefined index: User in [D:\wamp\www\proj01\app\views\catalogs\index.ctp, line 67]
2012-07-03 09:41:53 Debug: Notice (8): Undefined index: User in [D:\wamp\www\proj01\app\views\catalogs\index.ctp, line 68]
2012-07-03 09:41:53 Debug: Notice (8): Undefined index: User in [D:\wamp\www\proj01\app\views\catalogs\index.ctp, line 85]
2012-07-03 09:41:53 Debug: Notice (8): Undefined index: User in [D:\wamp\www\proj01\app\views\catalogs\index.ctp, line 86]
2012-07-03 09:41:53 Debug: Notice (8): Undefined index: User in [D:\wamp\www\proj01\app\views\catalogs\index.ctp, line 87]
2012-07-03 09:41:53 Debug: Notice (8): Undefined index: User in [D:\wamp\www\proj01\app\views\catalogs\index.ctp, line 88]
2012-07-03 09:41:53 Debug: Notice (8): Undefined index: User in [D:\wamp\www\proj01\app\views\catalogs\index.ctp, line 94]
2012-07-03 09:41:53 Debug: Notice (8): Undefined index: User in [D:\wamp\www\proj01\app\views\catalogs\index.ctp, line 95]
2012-07-03 09:42:53 Debug: Notice (8): Undefined index: User in [D:\wamp\www\proj01\app\views\catalogs\index.ctp, line 60]
2012-07-03 09:42:53 Debug: Notice (8): Undefined index: User in [D:\wamp\www\proj01\app\views\catalogs\index.ctp, line 66]
2012-07-03 09:42:53 Debug: Notice (8): Undefined index: User in [D:\wamp\www\proj01\app\views\catalogs\index.ctp, line 67]
2012-07-03 09:42:53 Debug: Notice (8): Undefined index: User in [D:\wamp\www\proj01\app\views\catalogs\index.ctp, line 68]
2012-07-03 09:42:53 Debug: Notice (8): Undefined index: User in [D:\wamp\www\proj01\app\views\catalogs\index.ctp, line 85]
2012-07-03 09:42:53 Debug: Notice (8): Undefined index: User in [D:\wamp\www\proj01\app\views\catalogs\index.ctp, line 86]
2012-07-03 09:42:53 Debug: Notice (8): Undefined index: User in [D:\wamp\www\proj01\app\views\catalogs\index.ctp, line 87]
2012-07-03 09:42:53 Debug: Notice (8): Undefined index: User in [D:\wamp\www\proj01\app\views\catalogs\index.ctp, line 88]
2012-07-03 09:42:53 Debug: Notice (8): Undefined index: User in [D:\wamp\www\proj01\app\views\catalogs\index.ctp, line 94]
2012-07-03 09:42:53 Debug: Notice (8): Undefined index: User in [D:\wamp\www\proj01\app\views\catalogs\index.ctp, line 95]
2012-07-03 09:46:57 Debug: Notice (8): Undefined index: User in [D:\wamp\www\proj01\app\views\catalogs\index.ctp, line 55]
2012-07-03 09:46:57 Debug: Notice (8): Undefined index: User in [D:\wamp\www\proj01\app\views\catalogs\index.ctp, line 68]
2012-07-03 09:46:57 Debug: Notice (8): Undefined index: User in [D:\wamp\www\proj01\app\views\catalogs\index.ctp, line 69]
2012-07-03 09:46:57 Debug: Notice (8): Undefined index: User in [D:\wamp\www\proj01\app\views\catalogs\index.ctp, line 70]
2012-07-03 09:46:57 Debug: Notice (8): Undefined index: User in [D:\wamp\www\proj01\app\views\catalogs\index.ctp, line 87]
2012-07-03 09:46:57 Debug: Notice (8): Undefined index: User in [D:\wamp\www\proj01\app\views\catalogs\index.ctp, line 88]
2012-07-03 09:46:57 Debug: Notice (8): Undefined index: User in [D:\wamp\www\proj01\app\views\catalogs\index.ctp, line 89]
2012-07-03 09:46:57 Debug: Notice (8): Undefined index: User in [D:\wamp\www\proj01\app\views\catalogs\index.ctp, line 90]
2012-07-03 09:46:57 Debug: Notice (8): Undefined index: User in [D:\wamp\www\proj01\app\views\catalogs\index.ctp, line 96]
2012-07-03 09:46:57 Debug: Notice (8): Undefined index: User in [D:\wamp\www\proj01\app\views\catalogs\index.ctp, line 97]
2012-07-03 09:47:29 Debug: Notice (8): Undefined index: User in [D:\wamp\www\proj01\app\views\catalogs\index.ctp, line 55]
2012-07-03 09:47:29 Debug: Notice (8): Undefined index: User in [D:\wamp\www\proj01\app\views\catalogs\index.ctp, line 87]
2012-07-03 09:47:29 Debug: Notice (8): Undefined index: User in [D:\wamp\www\proj01\app\views\catalogs\index.ctp, line 88]
2012-07-03 09:47:29 Debug: Notice (8): Undefined index: User in [D:\wamp\www\proj01\app\views\catalogs\index.ctp, line 89]
2012-07-03 09:47:29 Debug: Notice (8): Undefined index: User in [D:\wamp\www\proj01\app\views\catalogs\index.ctp, line 90]
2012-07-03 09:47:29 Debug: Notice (8): Undefined index: User in [D:\wamp\www\proj01\app\views\catalogs\index.ctp, line 96]
2012-07-03 09:47:29 Debug: Notice (8): Undefined index: User in [D:\wamp\www\proj01\app\views\catalogs\index.ctp, line 97]
2012-07-03 09:47:45 Debug: Notice (8): Undefined index: User in [D:\wamp\www\proj01\app\views\catalogs\index.ctp, line 87]
2012-07-03 09:47:45 Debug: Notice (8): Undefined index: User in [D:\wamp\www\proj01\app\views\catalogs\index.ctp, line 88]
2012-07-03 09:47:45 Debug: Notice (8): Undefined index: User in [D:\wamp\www\proj01\app\views\catalogs\index.ctp, line 89]
2012-07-03 09:47:45 Debug: Notice (8): Undefined index: User in [D:\wamp\www\proj01\app\views\catalogs\index.ctp, line 90]
2012-07-03 09:47:45 Debug: Notice (8): Undefined index: User in [D:\wamp\www\proj01\app\views\catalogs\index.ctp, line 96]
2012-07-03 09:47:45 Debug: Notice (8): Undefined index: User in [D:\wamp\www\proj01\app\views\catalogs\index.ctp, line 97]
2012-07-03 09:48:18 Debug: Notice (8): Undefined index: User in [D:\wamp\www\proj01\app\views\catalogs\index.ctp, line 89]
2012-07-03 09:48:18 Debug: Notice (8): Undefined index: User in [D:\wamp\www\proj01\app\views\catalogs\index.ctp, line 90]
2012-07-03 09:48:18 Debug: Notice (8): Undefined index: User in [D:\wamp\www\proj01\app\views\catalogs\index.ctp, line 91]
2012-07-03 09:48:18 Debug: Notice (8): Undefined index: User in [D:\wamp\www\proj01\app\views\catalogs\index.ctp, line 92]
2012-07-03 09:48:18 Debug: Notice (8): Undefined index: User in [D:\wamp\www\proj01\app\views\catalogs\index.ctp, line 98]
2012-07-03 09:48:18 Debug: Notice (8): Undefined index: User in [D:\wamp\www\proj01\app\views\catalogs\index.ctp, line 99]
