2012-07-02 15:49:21 Warning: Warning (2): mysql_connect() [<a href='http://php.net/function.mysql-connect'>function.mysql-connect</a>]: Access denied for user 'root'@'localhost' (using password: NO) in [D:\wamp\www\proj01\proj01\cake\libs\model\datasources\dbo\dbo_mysql.php, line 561]
2012-07-02 15:49:21 Warning: Warning (2): mysql_query() expects parameter 2 to be resource, boolean given in [D:\wamp\www\proj01\proj01\cake\libs\model\datasources\dbo\dbo_mysql.php, line 613]
2012-07-02 15:53:36 Warning: Warning (2): mysql_connect() [<a href='http://php.net/function.mysql-connect'>function.mysql-connect</a>]: Access denied for user 'root'@'localhost' (using password: NO) in [D:\wamp\www\proj01\cake\libs\model\datasources\dbo\dbo_mysql.php, line 561]
2012-07-02 15:53:36 Warning: Warning (2): mysql_query() expects parameter 2 to be resource, boolean given in [D:\wamp\www\proj01\cake\libs\model\datasources\dbo\dbo_mysql.php, line 613]
2012-07-02 15:54:35 Warning: Warning (2): mysql_connect() [<a href='http://php.net/function.mysql-connect'>function.mysql-connect</a>]: Access denied for user 'root'@'localhost' (using password: NO) in [D:\wamp\www\proj01\cake\libs\model\datasources\dbo\dbo_mysql.php, line 561]
2012-07-02 15:54:35 Warning: Warning (2): mysql_query() expects parameter 2 to be resource, boolean given in [D:\wamp\www\proj01\cake\libs\model\datasources\dbo\dbo_mysql.php, line 613]
2012-07-02 15:54:40 Warning: Warning (2): mysql_connect() [<a href='http://php.net/function.mysql-connect'>function.mysql-connect</a>]: Access denied for user 'root'@'localhost' (using password: NO) in [D:\wamp\www\proj01\cake\libs\model\datasources\dbo\dbo_mysql.php, line 561]
2012-07-02 15:54:40 Warning: Warning (2): mysql_query() expects parameter 2 to be resource, boolean given in [D:\wamp\www\proj01\cake\libs\model\datasources\dbo\dbo_mysql.php, line 613]
2012-07-02 16:30:37 Warning: Warning (2): Missing argument 1 for TemplatesController::view() in [D:\wamp\www\proj01\app\controllers\templates_controller.php, line 11]
2012-07-02 16:30:39 Warning: Warning (2): Missing argument 1 for TemplatesController::view() in [D:\wamp\www\proj01\app\controllers\templates_controller.php, line 11]
2012-07-02 16:30:42 Warning: Warning (2): Missing argument 1 for TemplatesController::view() in [D:\wamp\www\proj01\app\controllers\templates_controller.php, line 11]
2012-07-02 16:30:54 Warning: Warning (2): Missing argument 1 for TemplatesController::view() in [D:\wamp\www\proj01\app\controllers\templates_controller.php, line 11]
2012-07-02 16:30:56 Warning: Warning (2): Missing argument 1 for TemplatesController::view() in [D:\wamp\www\proj01\app\controllers\templates_controller.php, line 11]
2012-07-02 17:54:23 Warning: Warning (512): <span style="color:Red;text-align:left"><b>SQL Error:</b> 1064: You have an error in your SQL syntax; check the manual that corresponds to your MySQL server version for the right syntax to use near 'index' at line 1</span> in [D:\wamp\www\proj01\cake\libs\model\datasources\dbo_source.php, line 684]
2012-07-02 17:54:25 Warning: Warning (512): <span style="color:Red;text-align:left"><b>SQL Error:</b> 1064: You have an error in your SQL syntax; check the manual that corresponds to your MySQL server version for the right syntax to use near 'index' at line 1</span> in [D:\wamp\www\proj01\cake\libs\model\datasources\dbo_source.php, line 684]
2012-07-02 17:54:26 Warning: Warning (512): <span style="color:Red;text-align:left"><b>SQL Error:</b> 1064: You have an error in your SQL syntax; check the manual that corresponds to your MySQL server version for the right syntax to use near 'index' at line 1</span> in [D:\wamp\www\proj01\cake\libs\model\datasources\dbo_source.php, line 684]
2012-07-02 17:55:15 Warning: Warning (512): <span style="color:Red;text-align:left"><b>SQL Error:</b> 1064: You have an error in your SQL syntax; check the manual that corresponds to your MySQL server version for the right syntax to use near 'index' at line 1</span> in [D:\wamp\www\proj01\cake\libs\model\datasources\dbo_source.php, line 684]
2012-07-02 17:55:16 Warning: Warning (512): <span style="color:Red;text-align:left"><b>SQL Error:</b> 1064: You have an error in your SQL syntax; check the manual that corresponds to your MySQL server version for the right syntax to use near 'index' at line 1</span> in [D:\wamp\www\proj01\cake\libs\model\datasources\dbo_source.php, line 684]
2012-07-02 17:56:03 Warning: Warning (512): <span style="color:Red;text-align:left"><b>SQL Error:</b> 1064: You have an error in your SQL syntax; check the manual that corresponds to your MySQL server version for the right syntax to use near 'admin_index' at line 1</span> in [D:\wamp\www\proj01\cake\libs\model\datasources\dbo_source.php, line 684]
2012-07-03 09:19:38 Warning: Warning (512): <span style="color:Red;text-align:left"><b>SQL Error:</b> 1146: Table 'proj01.catalog' doesn't exist</span> in [D:\wamp\www\proj01\cake\libs\model\datasources\dbo_source.php, line 684]
2012-07-03 10:51:45 Warning: Warning (2): mysql_connect() [<a href='http://php.net/function.mysql-connect'>function.mysql-connect</a>]: MySQL server has gone away in [D:\wamp\www\proj01\cake\libs\model\datasources\dbo\dbo_mysql.php, line 561]
2012-07-03 10:51:45 Warning: Warning (2): mysql_query() expects parameter 2 to be resource, boolean given in [D:\wamp\www\proj01\cake\libs\model\datasources\dbo\dbo_mysql.php, line 613]
2012-07-03 10:51:45 Warning: Warning (2): mysql_connect() [<a href='http://php.net/function.mysql-connect'>function.mysql-connect</a>]: [2002] An established connection was aborted by the software in your host machine.
 (trying to connect via tcp://sms.tvsc.vn:3306) in [D:\wamp\www\proj01\cake\libs\model\datasources\dbo\dbo_mysql.php, line 561]
2012-07-03 10:51:45 Warning: Warning (2): mysql_connect() [<a href='http://php.net/function.mysql-connect'>function.mysql-connect</a>]: An established connection was aborted by the software in your host machine.
 in [D:\wamp\www\proj01\cake\libs\model\datasources\dbo\dbo_mysql.php, line 561]
2012-07-03 10:51:45 Warning: Warning (2): mysql_query() expects parameter 2 to be resource, boolean given in [D:\wamp\www\proj01\cake\libs\model\datasources\dbo\dbo_mysql.php, line 613]
